app/build/outputs/logs/manifest-merger-debug-report.txt
-- Merging decision tree log ---
manifest
ADDED from src/main/AndroidManifest.xml:2:1-54:12
	package
		ADDED from src/main/AndroidManifest.xml:3:5-30
		INJECTED from src/main/AndroidManifest.xml
		INJECTED from src/main/AndroidManifest.xml
	android:versionName
		ADDED from src/main/AndroidManifest.xml:5:5-30
		INJECTED from src/main/AndroidManifest.xml
		INJECTED from src/main/AndroidManifest.xml
	android:versionCode
		ADDED from src/main/AndroidManifest.xml:4:5-28
		INJECTED from src/main/AndroidManifest.xml
		INJECTED from src/main/AndroidManifest.xml
	xmlns:android
		ADDED from src/main/AndroidManifest.xml:2:11-69
uses-sdk
ADDED from src/main/AndroidManifest.xml:7:5-9:41
MERGED from [com.android.support:appcompat-v7:23.0.1] AndroidManifest.xml:20:5-43
MERGED from [com.android.support:support-v4:23.0.1] AndroidManifest.xml:20:5-43
	android:targetSdkVersion
		ADDED from src/main/AndroidManifest.xml:9:9-38
		INJECTED from src/main/AndroidManifest.xml
		INJECTED from src/main/AndroidManifest.xml
	android:minSdkVersion
		ADDED from src/main/AndroidManifest.xml:8:9-34
		INJECTED from src/main/AndroidManifest.xml
		INJECTED from src/main/AndroidManifest.xml
uses-permission#android.permission.INTERNET
ADDED from src/main/AndroidManifest.xml:11:5-67
	android:name
		ADDED from src/main/AndroidManifest.xml:11:22-64
uses-permission#android.permission.ACCESS_FINE_LOCATION
ADDED from src/main/AndroidManifest.xml:12:5-79
	android:name
		ADDED from src/main/AndroidManifest.xml:12:22-76
uses-permission#android.permission.CAMERA
ADDED from src/main/AndroidManifest.xml:13:5-65
	android:name
		ADDED from src/main/AndroidManifest.xml:13:22-62
uses-feature#android.hardware.camera
ADDED from src/main/AndroidManifest.xml:14:5-97
	android:required
		ADDED from src/main/AndroidManifest.xml:14:58-81
	android:name
		ADDED from src/main/AndroidManifest.xml:14:19-57
application
ADDED from src/main/AndroidManifest.xml:15:5-51:19
MERGED from [com.android.support:appcompat-v7:23.0.1] AndroidManifest.xml:22:5-20
MERGED from [com.android.support:support-v4:23.0.1] AndroidManifest.xml:22:5-20
	android:label
		ADDED from src/main/AndroidManifest.xml:19:9-41
	android:allowBackup
		ADDED from src/main/AndroidManifest.xml:17:9-35
	android:icon
		ADDED from src/main/AndroidManifest.xml:18:9-43
	android:theme
		ADDED from src/main/AndroidManifest.xml:20:9-40
	android:name
		ADDED from src/main/AndroidManifest.xml:16:9-42
activity#decoster.keepup.activity.LoginActivity
ADDED from src/main/AndroidManifest.xml:22:9-32:20
	android:label
		ADDED from src/main/AndroidManifest.xml:24:13-45
	android:launchMode
		ADDED from src/main/AndroidManifest.xml:25:13-43
	android:windowSoftInputMode
		ADDED from src/main/AndroidManifest.xml:26:13-52
	android:name
		ADDED from src/main/AndroidManifest.xml:23:13-51
intent-filter#android.intent.action.MAIN+android.intent.category.LAUNCHER
ADDED from src/main/AndroidManifest.xml:27:13-31:29
action#android.intent.action.MAIN
ADDED from src/main/AndroidManifest.xml:28:17-69
	android:name
		ADDED from src/main/AndroidManifest.xml:28:25-66
category#android.intent.category.LAUNCHER
ADDED from src/main/AndroidManifest.xml:30:17-77
	android:name
		ADDED from src/main/AndroidManifest.xml:30:27-74
activity#decoster.keepup.activity.RegisterActivity
ADDED from src/main/AndroidManifest.xml:33:9-37:55
	android:label
		ADDED from src/main/AndroidManifest.xml:35:13-45
	android:launchMode
		ADDED from src/main/AndroidManifest.xml:36:13-43
	android:windowSoftInputMode
		ADDED from src/main/AndroidManifest.xml:37:13-52
	android:name
		ADDED from src/main/AndroidManifest.xml:34:13-54
activity#decoster.keepup.activity.MainActivity
ADDED from src/main/AndroidManifest.xml:38:9-41:46
	android:label
		ADDED from src/main/AndroidManifest.xml:40:13-45
	android:launchMode
		ADDED from src/main/AndroidManifest.xml:41:13-43
	android:name
		ADDED from src/main/AndroidManifest.xml:39:13-50
activity#decoster.keepup.activity.RegisterJourneyActivity
ADDED from src/main/AndroidManifest.xml:42:9-45:46
	android:label
		ADDED from src/main/AndroidManifest.xml:44:13-45
	android:launchMode
		ADDED from src/main/AndroidManifest.xml:45:13-43
	android:name
		ADDED from src/main/AndroidManifest.xml:43:13-61
activity#decoster.keepup.activity.MyPreferencesActivity
ADDED from src/main/AndroidManifest.xml:46:9-49:20
	android:label
		ADDED from src/main/AndroidManifest.xml:48:13-40
	android:name
		ADDED from src/main/AndroidManifest.xml:47:13-74